-------------------------------------------------------------------------------
Test set: com.felix.ItemMapperCustomTest
-------------------------------------------------------------------------------
Tests run: 2, Failures: 0, Errors: 1, Skipped: 1, Time elapsed: 5.737 s <<< FAILURE! - in com.felix.ItemMapperCustomTest
queryThirdInfo(com.felix.ItemMapperCustomTest)  Time elapsed: 0.001 s  <<< ERROR!
java.lang.IllegalStateException: Failed to load ApplicationContext
Caused by: org.springframework.beans.factory.UnsatisfiedDependencyException: Error creating bean with name 'carouselController': Unsatisfied dependency expressed through field 'carouselService'; nested exception is org.springframework.beans.factory.UnsatisfiedDependencyException: Error creating bean with name 'carouselServiceImpl': Unsatisfied dependency expressed through field 'carouselMapper'; nested exception is org.springframework.beans.factory.UnsatisfiedDependencyException: Error creating bean with name 'carouselMapper' defined in URL [jar:file:/D:/Repo/MyGitRepo/foodie-dev/foodie-dev-mapper/target/foodie-dev-mapper-1.0-SNAPSHOT.jar!/com/imooc/mapper/CarouselMapper.class]: Unsatisfied dependency expressed through bean property 'sqlSessionFactory'; nested exception is org.springframework.beans.factory.BeanCreationException: Error creating bean with name 'sqlSessionFactory' defined in class path resource [tk/mybatis/mapper/autoconfigure/MapperAutoConfiguration.class]: Bean instantiation via factory method failed; nested exception is org.springframework.beans.BeanInstantiationException: Failed to instantiate [org.apache.ibatis.session.SqlSessionFactory]: Factory method 'sqlSessionFactory' threw exception; nested exception is org.springframework.core.NestedIOException: Failed to parse mapping resource: 'class path resource [mapper/ItemsMapperCustom.xml]'; nested exception is org.apache.ibatis.builder.BuilderException: Error parsing Mapper XML. The XML location is 'class path resource [mapper/ItemsMapperCustom.xml]'. Cause: org.apache.ibatis.builder.BuilderException: Error resolving class. Cause: org.apache.ibatis.type.TypeException: Could not resolve type alias 'co.imooc.pojo.vo.SearchItemsVo'.  Cause: java.lang.ClassNotFoundException: Cannot find class: co.imooc.pojo.vo.SearchItemsVo
Caused by: org.springframework.beans.factory.UnsatisfiedDependencyException: Error creating bean with name 'carouselServiceImpl': Unsatisfied dependency expressed through field 'carouselMapper'; nested exception is org.springframework.beans.factory.UnsatisfiedDependencyException: Error creating bean with name 'carouselMapper' defined in URL [jar:file:/D:/Repo/MyGitRepo/foodie-dev/foodie-dev-mapper/target/foodie-dev-mapper-1.0-SNAPSHOT.jar!/com/imooc/mapper/CarouselMapper.class]: Unsatisfied dependency expressed through bean property 'sqlSessionFactory'; nested exception is org.springframework.beans.factory.BeanCreationException: Error creating bean with name 'sqlSessionFactory' defined in class path resource [tk/mybatis/mapper/autoconfigure/MapperAutoConfiguration.class]: Bean instantiation via factory method failed; nested exception is org.springframework.beans.BeanInstantiationException: Failed to instantiate [org.apache.ibatis.session.SqlSessionFactory]: Factory method 'sqlSessionFactory' threw exception; nested exception is org.springframework.core.NestedIOException: Failed to parse mapping resource: 'class path resource [mapper/ItemsMapperCustom.xml]'; nested exception is org.apache.ibatis.builder.BuilderException: Error parsing Mapper XML. The XML location is 'class path resource [mapper/ItemsMapperCustom.xml]'. Cause: org.apache.ibatis.builder.BuilderException: Error resolving class. Cause: org.apache.ibatis.type.TypeException: Could not resolve type alias 'co.imooc.pojo.vo.SearchItemsVo'.  Cause: java.lang.ClassNotFoundException: Cannot find class: co.imooc.pojo.vo.SearchItemsVo
Caused by: org.springframework.beans.factory.UnsatisfiedDependencyException: Error creating bean with name 'carouselMapper' defined in URL [jar:file:/D:/Repo/MyGitRepo/foodie-dev/foodie-dev-mapper/target/foodie-dev-mapper-1.0-SNAPSHOT.jar!/com/imooc/mapper/CarouselMapper.class]: Unsatisfied dependency expressed through bean property 'sqlSessionFactory'; nested exception is org.springframework.beans.factory.BeanCreationException: Error creating bean with name 'sqlSessionFactory' defined in class path resource [tk/mybatis/mapper/autoconfigure/MapperAutoConfiguration.class]: Bean instantiation via factory method failed; nested exception is org.springframework.beans.BeanInstantiationException: Failed to instantiate [org.apache.ibatis.session.SqlSessionFactory]: Factory method 'sqlSessionFactory' threw exception; nested exception is org.springframework.core.NestedIOException: Failed to parse mapping resource: 'class path resource [mapper/ItemsMapperCustom.xml]'; nested exception is org.apache.ibatis.builder.BuilderException: Error parsing Mapper XML. The XML location is 'class path resource [mapper/ItemsMapperCustom.xml]'. Cause: org.apache.ibatis.builder.BuilderException: Error resolving class. Cause: org.apache.ibatis.type.TypeException: Could not resolve type alias 'co.imooc.pojo.vo.SearchItemsVo'.  Cause: java.lang.ClassNotFoundException: Cannot find class: co.imooc.pojo.vo.SearchItemsVo
Caused by: org.springframework.beans.factory.BeanCreationException: Error creating bean with name 'sqlSessionFactory' defined in class path resource [tk/mybatis/mapper/autoconfigure/MapperAutoConfiguration.class]: Bean instantiation via factory method failed; nested exception is org.springframework.beans.BeanInstantiationException: Failed to instantiate [org.apache.ibatis.session.SqlSessionFactory]: Factory method 'sqlSessionFactory' threw exception; nested exception is org.springframework.core.NestedIOException: Failed to parse mapping resource: 'class path resource [mapper/ItemsMapperCustom.xml]'; nested exception is org.apache.ibatis.builder.BuilderException: Error parsing Mapper XML. The XML location is 'class path resource [mapper/ItemsMapperCustom.xml]'. Cause: org.apache.ibatis.builder.BuilderException: Error resolving class. Cause: org.apache.ibatis.type.TypeException: Could not resolve type alias 'co.imooc.pojo.vo.SearchItemsVo'.  Cause: java.lang.ClassNotFoundException: Cannot find class: co.imooc.pojo.vo.SearchItemsVo
Caused by: org.springframework.beans.BeanInstantiationException: Failed to instantiate [org.apache.ibatis.session.SqlSessionFactory]: Factory method 'sqlSessionFactory' threw exception; nested exception is org.springframework.core.NestedIOException: Failed to parse mapping resource: 'class path resource [mapper/ItemsMapperCustom.xml]'; nested exception is org.apache.ibatis.builder.BuilderException: Error parsing Mapper XML. The XML location is 'class path resource [mapper/ItemsMapperCustom.xml]'. Cause: org.apache.ibatis.builder.BuilderException: Error resolving class. Cause: org.apache.ibatis.type.TypeException: Could not resolve type alias 'co.imooc.pojo.vo.SearchItemsVo'.  Cause: java.lang.ClassNotFoundException: Cannot find class: co.imooc.pojo.vo.SearchItemsVo
Caused by: org.springframework.core.NestedIOException: Failed to parse mapping resource: 'class path resource [mapper/ItemsMapperCustom.xml]'; nested exception is org.apache.ibatis.builder.BuilderException: Error parsing Mapper XML. The XML location is 'class path resource [mapper/ItemsMapperCustom.xml]'. Cause: org.apache.ibatis.builder.BuilderException: Error resolving class. Cause: org.apache.ibatis.type.TypeException: Could not resolve type alias 'co.imooc.pojo.vo.SearchItemsVo'.  Cause: java.lang.ClassNotFoundException: Cannot find class: co.imooc.pojo.vo.SearchItemsVo
Caused by: org.apache.ibatis.builder.BuilderException: Error parsing Mapper XML. The XML location is 'class path resource [mapper/ItemsMapperCustom.xml]'. Cause: org.apache.ibatis.builder.BuilderException: Error resolving class. Cause: org.apache.ibatis.type.TypeException: Could not resolve type alias 'co.imooc.pojo.vo.SearchItemsVo'.  Cause: java.lang.ClassNotFoundException: Cannot find class: co.imooc.pojo.vo.SearchItemsVo
Caused by: org.apache.ibatis.builder.BuilderException: Error resolving class. Cause: org.apache.ibatis.type.TypeException: Could not resolve type alias 'co.imooc.pojo.vo.SearchItemsVo'.  Cause: java.lang.ClassNotFoundException: Cannot find class: co.imooc.pojo.vo.SearchItemsVo
Caused by: org.apache.ibatis.type.TypeException: Could not resolve type alias 'co.imooc.pojo.vo.SearchItemsVo'.  Cause: java.lang.ClassNotFoundException: Cannot find class: co.imooc.pojo.vo.SearchItemsVo
Caused by: java.lang.ClassNotFoundException: Cannot find class: co.imooc.pojo.vo.SearchItemsVo

